SF:lib\start_screen.dart
DA:7,1
DA:9,1
DA:11,1
DA:12,1
DA:19,1
DA:21,1
DA:23,1
DA:24,1
DA:25,1
DA:26,1
DA:27,1
DA:28,1
DA:30,1
DA:31,1
DA:33,1
DA:34,1
DA:50,1
DA:51,1
DA:53,3
DA:54,1
DA:61,1
DA:63,1
DA:66,1
DA:68,1
DA:71,1
DA:73,1
DA:76,1
DA:95,1
DA:97,1
DA:98,0
DA:99,0
DA:101,0
DA:102,0
LF:33
LH:29
end_of_record
SF:lib\banco.dart
DA:16,0
DA:89,0
DA:90,0
DA:93,0
DA:95,0
DA:96,0
DA:97,0
DA:98,0
DA:99,0
DA:100,0
LF:10
LH:0
end_of_record
SF:lib\filtros\anexar_na_mensagem.dart
DA:5,0
DA:7,0
DA:10,0
DA:11,0
LF:4
LH:0
end_of_record
SF:lib\filtros\assinar_mensagem.dart
DA:5,0
DA:7,0
DA:10,0
DA:11,0
LF:4
LH:0
end_of_record
SF:lib\filtros\capitalizar_mensagem.dart
DA:5,0
DA:7,0
DA:10,0
DA:11,0
DA:12,0
DA:13,0
DA:14,0
DA:15,0
DA:17,0
DA:20,0
DA:21,0
LF:11
LH:0
end_of_record
SF:lib\filtros\criptografar_mensagem.dart
DA:6,0
DA:8,0
DA:12,0
DA:13,0
DA:17,0
DA:18,0
DA:20,0
DA:22,0
DA:25,0
DA:28,0
DA:30,0
DA:32,0
DA:33,0
LF:13
LH:0
end_of_record
SF:lib\filtros\prorizar_mensagem.dart
DA:5,0
DA:7,0
DA:11,0
DA:12,0
LF:4
LH:0
end_of_record
SF:lib\gerar_mensagem.dart
DA:5,0
DA:6,0
DA:7,0
DA:8,0
LF:4
LH:0
end_of_record
SF:lib\pipelineEnvio.dart
DA:11,0
DA:12,0
DA:13,0
DA:15,0
DA:16,0
DA:18,0
DA:19,0
DA:21,0
DA:22,0
DA:24,0
DA:25,0
LF:11
LH:0
end_of_record
SF:lib\mensagem.dart
DA:19,0
DA:21,0
DA:24,0
DA:26,0
DA:29,0
DA:31,0
DA:33,0
DA:36,0
DA:38,0
DA:41,0
DA:43,0
LF:11
LH:0
end_of_record
SF:lib\interfaces\ipipelinebase.dart
DA:6,0
DA:7,0
DA:11,0
DA:12,0
DA:13,0
LF:5
LH:0
end_of_record
SF:lib\main_screen.dart
DA:23,1
DA:25,0
DA:32,1
DA:34,0
DA:35,0
DA:57,0
DA:59,0
DA:60,0
DA:61,0
DA:62,0
DA:65,0
DA:67,0
DA:68,0
DA:71,0
DA:72,0
DA:74,0
DA:77,0
DA:79,0
DA:80,0
DA:81,0
DA:84,0
DA:85,0
DA:86,0
DA:87,0
DA:88,0
DA:91,0
DA:93,0
DA:94,0
DA:96,0
DA:97,0
DA:98,0
DA:99,0
DA:101,0
DA:105,0
DA:106,0
DA:108,0
DA:109,0
DA:110,0
DA:115,0
DA:117,0
DA:118,0
DA:119,0
DA:120,0
DA:121,0
DA:122,0
DA:125,0
DA:126,0
DA:127,0
DA:139,0
DA:142,0
DA:143,0
DA:145,0
DA:147,0
DA:149,0
DA:150,0
DA:169,0
DA:174,0
DA:175,0
DA:176,0
DA:177,0
DA:180,0
DA:181,0
DA:182,0
DA:184,0
DA:185,0
DA:188,0
DA:189,0
DA:194,0
DA:199,0
DA:200,0
DA:201,0
DA:202,0
DA:203,0
DA:204,0
DA:205,0
DA:206,0
DA:207,0
DA:208,0
DA:209,0
DA:210,0
DA:211,0
DA:212,0
DA:225,0
DA:226,0
DA:228,0
DA:230,0
DA:231,0
DA:237,0
DA:242,0
DA:243,0
DA:246,0
DA:251,0
DA:253,0
DA:257,0
DA:261,0
DA:263,0
DA:264,0
DA:267,0
DA:268,0
DA:270,0
DA:274,0
DA:275,0
DA:278,0
DA:282,0
DA:284,0
LF:105
LH:2
end_of_record
SF:lib\score_screen.dart
DA:5,0
DA:9,0
DA:10,0
DA:17,0
DA:19,0
DA:20,0
DA:21,0
DA:22,0
DA:23,0
DA:25,0
DA:36,0
DA:44,0
DA:46,0
DA:47,0
DA:48,0
DA:71,0
DA:72,0
DA:73,0
DA:74,0
DA:76,0
DA:77,0
DA:78,0
DA:94,0
DA:95,0
DA:97,0
DA:98,0
DA:99,0
DA:100,0
DA:101,0
DA:104,0
DA:105,0
DA:106,0
DA:107,0
DA:112,0
DA:132,0
DA:133,0
DA:134,0
DA:135,0
DA:136,0
DA:137,0
DA:138,0
DA:143,0
DA:144,0
DA:147,0
DA:148,0
DA:150,0
DA:151,0
DA:154,0
DA:155,0
DA:159,0
DA:170,0
DA:172,0
DA:174,0
DA:175,0
LF:54
LH:0
end_of_record
SF:lib\widgets.dart
DA:4,0
DA:13,0
DA:15,0
DA:16,0
DA:17,0
DA:19,0
DA:20,0
DA:25,0
DA:26,0
DA:28,0
DA:31,0
DA:32,0
DA:33,0
DA:47,1
DA:54,0
DA:63,0
DA:65,0
DA:66,0
DA:67,0
DA:68,0
DA:80,0
DA:93,0
DA:95,0
DA:97,0
DA:98,0
DA:99,0
DA:100,0
DA:103,0
DA:104,0
DA:107,0
DA:109,0
DA:110,0
DA:111,0
DA:119,1
DA:124,1
DA:126,1
DA:127,1
DA:129,2
DA:130,1
DA:131,1
DA:136,1
DA:138,3
DA:139,1
DA:141,1
DA:142,1
DA:143,1
LF:46
LH:14
end_of_record
